2012/10/10 12:17:00 [error] [exception.CException] exception 'CException' with message 'Alias "ext.youtube.JYoutube" is invalid. Make sure it points to an existing PHP file and the file is readable.' in C:\wamp\www\framework\YiiBase.php:318
Stack trace:
#0 C:\wamp\www\framework\web\CWidgetFactory.php(147): YiiBase::import('ext.youtube.JYo...', true)
#1 C:\wamp\www\framework\web\CBaseController.php(147): CWidgetFactory->createWidget(Object(SiteController), 'ext.youtube.JYo...', Array)
#2 C:\wamp\www\framework\web\CBaseController.php(173): CBaseController->createWidget('ext.youtube.JYo...', Array)
#3 C:\wamp\www\microsoft\protected\views\site\index.php(12): CBaseController->widget('ext.youtube.JYo...', Array)
#4 C:\wamp\www\framework\web\CBaseController.php(127): require('C:\wamp\www\mic...')
#5 C:\wamp\www\framework\web\CBaseController.php(96): CBaseController->renderInternal('C:\wamp\www\mic...', NULL, true)
#6 C:\wamp\www\framework\web\CController.php(870): CBaseController->renderFile('C:\wamp\www\mic...', NULL, true)
#7 C:\wamp\www\framework\web\CController.php(783): CController->renderPartial('index', NULL, true)
#8 C:\wamp\www\microsoft\protected\controllers\SiteController.php(32): CController->render('index')
#9 C:\wamp\www\framework\web\actions\CInlineAction.php(50): SiteController->actionIndex()
#10 C:\wamp\www\framework\web\CController.php(309): CInlineAction->runWithParams(Array)
#11 C:\wamp\www\framework\web\CController.php(287): CController->runAction(Object(CInlineAction))
#12 C:\wamp\www\framework\web\CController.php(266): CController->runActionWithFilters(Object(CInlineAction), Array)
#13 C:\wamp\www\framework\web\CWebApplication.php(283): CController->run('')
#14 C:\wamp\www\framework\web\CWebApplication.php(142): CWebApplication->runController('')
#15 C:\wamp\www\framework\base\CApplication.php(162): CWebApplication->processRequest()
#16 C:\wamp\www\microsoft\index.php(13): CApplication->run()
#17 {main}
REQUEST_URI=/microsoft/
---
2012/10/10 13:15:12 [error] [exception.CHttpException.404] exception 'CHttpException' with message 'The requested view "index" was not found.' in C:\wamp\www\framework\web\actions\CViewAction.php:113
Stack trace:
#0 C:\wamp\www\framework\web\actions\CViewAction.php(124): CViewAction->resolveView('index')
#1 C:\wamp\www\framework\web\actions\CAction.php(75): CViewAction->run()
#2 C:\wamp\www\framework\web\CController.php(309): CAction->runWithParams(Array)
#3 C:\wamp\www\framework\web\CController.php(287): CController->runAction(Object(CViewAction))
#4 C:\wamp\www\framework\web\CController.php(266): CController->runActionWithFilters(Object(CViewAction), Array)
#5 C:\wamp\www\framework\web\CWebApplication.php(283): CController->run('page')
#6 C:\wamp\www\framework\web\CWebApplication.php(142): CWebApplication->runController('site/page')
#7 C:\wamp\www\framework\base\CApplication.php(162): CWebApplication->processRequest()
#8 C:\wamp\www\microsoft\index.php(13): CApplication->run()
#9 {main}
REQUEST_URI=/microsoft/index.php?r=site/page
HTTP_REFERER=http://localhost/microsoft/index.php?r=site/index
---
2012/10/10 13:33:05 [error] [exception.CHttpException.404] exception 'CHttpException' with message 'The requested view "index" was not found.' in C:\wamp\www\framework\web\actions\CViewAction.php:113
Stack trace:
#0 C:\wamp\www\framework\web\actions\CViewAction.php(124): CViewAction->resolveView('index')
#1 C:\wamp\www\framework\web\actions\CAction.php(75): CViewAction->run()
#2 C:\wamp\www\framework\web\CController.php(309): CAction->runWithParams(Array)
#3 C:\wamp\www\framework\web\CController.php(287): CController->runAction(Object(CViewAction))
#4 C:\wamp\www\framework\web\CController.php(266): CController->runActionWithFilters(Object(CViewAction), Array)
#5 C:\wamp\www\framework\web\CWebApplication.php(283): CController->run('page')
#6 C:\wamp\www\framework\web\CWebApplication.php(142): CWebApplication->runController('site/page')
#7 C:\wamp\www\framework\base\CApplication.php(162): CWebApplication->processRequest()
#8 C:\wamp\www\microsoft\index.php(13): CApplication->run()
#9 {main}
REQUEST_URI=/microsoft/index.php?r=site/page
HTTP_REFERER=http://localhost/microsoft/index.php
---
2012/10/11 05:33:20 [error] [exception.CHttpException.404] exception 'CHttpException' with message 'The requested view "index" was not found.' in C:\wamp\www\framework\web\actions\CViewAction.php:113
Stack trace:
#0 C:\wamp\www\framework\web\actions\CViewAction.php(124): CViewAction->resolveView('index')
#1 C:\wamp\www\framework\web\actions\CAction.php(75): CViewAction->run()
#2 C:\wamp\www\framework\web\CController.php(309): CAction->runWithParams(Array)
#3 C:\wamp\www\framework\web\CController.php(287): CController->runAction(Object(CViewAction))
#4 C:\wamp\www\framework\web\CController.php(266): CController->runActionWithFilters(Object(CViewAction), Array)
#5 C:\wamp\www\framework\web\CWebApplication.php(283): CController->run('page')
#6 C:\wamp\www\framework\web\CWebApplication.php(142): CWebApplication->runController('site/page')
#7 C:\wamp\www\framework\base\CApplication.php(162): CWebApplication->processRequest()
#8 C:\wamp\www\microsoft\index.php(13): CApplication->run()
#9 {main}
REQUEST_URI=/microsoft/index.php?r=site/page
HTTP_REFERER=http://localhost/microsoft/index.php
---
2012/10/11 08:06:07 [error] [php] Undefined index: title (C:\wamp\www\microsoft\protected\extensions\smp\views\strobeMediaPlayback.php:123)
Stack trace:
#0 C:\wamp\www\framework\web\widgets\CWidget.php(244): StrobeMediaPlayback->renderFile()
#1 C:\wamp\www\microsoft\protected\extensions\smp\StrobeMediaPlayback.php(548): StrobeMediaPlayback->render()
#2 C:\wamp\www\framework\web\CBaseController.php(174): StrobeMediaPlayback->run()
#3 C:\wamp\www\microsoft\protected\views\site\index.php(30): SiteController->widget()
#4 C:\wamp\www\framework\web\CBaseController.php(127): require()
#5 C:\wamp\www\framework\web\CBaseController.php(96): SiteController->renderInternal()
#6 C:\wamp\www\framework\web\CController.php(870): SiteController->renderFile()
#7 C:\wamp\www\framework\web\CController.php(783): SiteController->renderPartial()
#8 C:\wamp\www\microsoft\protected\controllers\SiteController.php(32): SiteController->render()
#9 C:\wamp\www\framework\web\actions\CInlineAction.php(50): SiteController->actionIndex()
#10 C:\wamp\www\framework\web\CController.php(309): CInlineAction->runWithParams()
#11 C:\wamp\www\framework\web\CController.php(287): SiteController->runAction()
#12 C:\wamp\www\framework\web\CController.php(266): SiteController->runActionWithFilters()
#13 C:\wamp\www\framework\web\CWebApplication.php(283): SiteController->run()
#14 C:\wamp\www\framework\web\CWebApplication.php(142): CWebApplication->runController()
#15 C:\wamp\www\framework\base\CApplication.php(162): CWebApplication->processRequest()
#16 C:\wamp\www\microsoft\index.php(13): CWebApplication->run()
REQUEST_URI=/microsoft/
2012/10/11 08:06:49 [error] [php] Undefined index: title (C:\wamp\www\microsoft\protected\extensions\smp\views\strobeMediaPlayback.php:123)
Stack trace:
#0 C:\wamp\www\framework\web\widgets\CWidget.php(244): StrobeMediaPlayback->renderFile()
#1 C:\wamp\www\microsoft\protected\extensions\smp\StrobeMediaPlayback.php(548): StrobeMediaPlayback->render()
#2 C:\wamp\www\framework\web\CBaseController.php(174): StrobeMediaPlayback->run()
#3 C:\wamp\www\microsoft\protected\views\site\index.php(30): SiteController->widget()
#4 C:\wamp\www\framework\web\CBaseController.php(127): require()
#5 C:\wamp\www\framework\web\CBaseController.php(96): SiteController->renderInternal()
#6 C:\wamp\www\framework\web\CController.php(870): SiteController->renderFile()
#7 C:\wamp\www\framework\web\CController.php(783): SiteController->renderPartial()
#8 C:\wamp\www\microsoft\protected\controllers\SiteController.php(32): SiteController->render()
#9 C:\wamp\www\framework\web\actions\CInlineAction.php(50): SiteController->actionIndex()
#10 C:\wamp\www\framework\web\CController.php(309): CInlineAction->runWithParams()
#11 C:\wamp\www\framework\web\CController.php(287): SiteController->runAction()
#12 C:\wamp\www\framework\web\CController.php(266): SiteController->runActionWithFilters()
#13 C:\wamp\www\framework\web\CWebApplication.php(283): SiteController->run()
#14 C:\wamp\www\framework\web\CWebApplication.php(142): CWebApplication->runController()
#15 C:\wamp\www\framework\base\CApplication.php(162): CWebApplication->processRequest()
#16 C:\wamp\www\microsoft\index.php(13): CWebApplication->run()
REQUEST_URI=/microsoft/
2012/10/11 09:20:44 [error] [php] DOMDocument::load() [<a href='domdocument.load'>domdocument.load</a>]: EntityRef: expecting ';' in file:///C:/wamp/www/microsoft/xml/videos.xml, line: 4 (C:\wamp\www\microsoft\protected\views\site\index.php:21)
Stack trace:
#0 C:\wamp\www\framework\web\CBaseController.php(96): SiteController->renderInternal()
#1 C:\wamp\www\framework\web\CController.php(870): SiteController->renderFile()
#2 C:\wamp\www\framework\web\CController.php(783): SiteController->renderPartial()
#3 C:\wamp\www\microsoft\protected\controllers\SiteController.php(32): SiteController->render()
#4 C:\wamp\www\framework\web\actions\CInlineAction.php(50): SiteController->actionIndex()
#5 C:\wamp\www\framework\web\CController.php(309): CInlineAction->runWithParams()
#6 C:\wamp\www\framework\web\CController.php(287): SiteController->runAction()
#7 C:\wamp\www\framework\web\CController.php(266): SiteController->runActionWithFilters()
#8 C:\wamp\www\framework\web\CWebApplication.php(283): SiteController->run()
#9 C:\wamp\www\framework\web\CWebApplication.php(142): CWebApplication->runController()
#10 C:\wamp\www\framework\base\CApplication.php(162): CWebApplication->processRequest()
#11 C:\wamp\www\microsoft\index.php(13): CWebApplication->run()
REQUEST_URI=/microsoft/
2012/10/11 09:23:02 [error] [php] DOMDocument::load() [<a href='domdocument.load'>domdocument.load</a>]: EntityRef: expecting ';' in file:///C:/wamp/www/microsoft/xml/videos.xml, line: 4 (C:\wamp\www\microsoft\protected\views\site\index.php:21)
Stack trace:
#0 C:\wamp\www\framework\web\CBaseController.php(96): SiteController->renderInternal()
#1 C:\wamp\www\framework\web\CController.php(870): SiteController->renderFile()
#2 C:\wamp\www\framework\web\CController.php(783): SiteController->renderPartial()
#3 C:\wamp\www\microsoft\protected\controllers\SiteController.php(32): SiteController->render()
#4 C:\wamp\www\framework\web\actions\CInlineAction.php(50): SiteController->actionIndex()
#5 C:\wamp\www\framework\web\CController.php(309): CInlineAction->runWithParams()
#6 C:\wamp\www\framework\web\CController.php(287): SiteController->runAction()
#7 C:\wamp\www\framework\web\CController.php(266): SiteController->runActionWithFilters()
#8 C:\wamp\www\framework\web\CWebApplication.php(283): SiteController->run()
#9 C:\wamp\www\framework\web\CWebApplication.php(142): CWebApplication->runController()
#10 C:\wamp\www\framework\base\CApplication.php(162): CWebApplication->processRequest()
#11 C:\wamp\www\microsoft\index.php(13): CWebApplication->run()
REQUEST_URI=/microsoft/
2012/10/11 09:23:15 [error] [php] DOMDocument::load() [<a href='domdocument.load'>domdocument.load</a>]: EntityRef: expecting ';' in file:///C:/wamp/www/microsoft/xml/videos.xml, line: 9 (C:\wamp\www\microsoft\protected\views\site\index.php:21)
Stack trace:
#0 C:\wamp\www\framework\web\CBaseController.php(96): SiteController->renderInternal()
#1 C:\wamp\www\framework\web\CController.php(870): SiteController->renderFile()
#2 C:\wamp\www\framework\web\CController.php(783): SiteController->renderPartial()
#3 C:\wamp\www\microsoft\protected\controllers\SiteController.php(32): SiteController->render()
#4 C:\wamp\www\framework\web\actions\CInlineAction.php(50): SiteController->actionIndex()
#5 C:\wamp\www\framework\web\CController.php(309): CInlineAction->runWithParams()
#6 C:\wamp\www\framework\web\CController.php(287): SiteController->runAction()
#7 C:\wamp\www\framework\web\CController.php(266): SiteController->runActionWithFilters()
#8 C:\wamp\www\framework\web\CWebApplication.php(283): SiteController->run()
#9 C:\wamp\www\framework\web\CWebApplication.php(142): CWebApplication->runController()
#10 C:\wamp\www\framework\base\CApplication.php(162): CWebApplication->processRequest()
#11 C:\wamp\www\microsoft\index.php(13): CWebApplication->run()
REQUEST_URI=/microsoft/
2012/10/11 09:23:53 [error] [php] DOMDocument::load() [<a href='domdocument.load'>domdocument.load</a>]: EntityRef: expecting ';' in file:///C:/wamp/www/microsoft/xml/videos.xml, line: 9 (C:\wamp\www\microsoft\protected\views\site\index.php:21)
Stack trace:
#0 C:\wamp\www\framework\web\CBaseController.php(96): SiteController->renderInternal()
#1 C:\wamp\www\framework\web\CController.php(870): SiteController->renderFile()
#2 C:\wamp\www\framework\web\CController.php(783): SiteController->renderPartial()
#3 C:\wamp\www\microsoft\protected\controllers\SiteController.php(32): SiteController->render()
#4 C:\wamp\www\framework\web\actions\CInlineAction.php(50): SiteController->actionIndex()
#5 C:\wamp\www\framework\web\CController.php(309): CInlineAction->runWithParams()
#6 C:\wamp\www\framework\web\CController.php(287): SiteController->runAction()
#7 C:\wamp\www\framework\web\CController.php(266): SiteController->runActionWithFilters()
#8 C:\wamp\www\framework\web\CWebApplication.php(283): SiteController->run()
#9 C:\wamp\www\framework\web\CWebApplication.php(142): CWebApplication->runController()
#10 C:\wamp\www\framework\base\CApplication.php(162): CWebApplication->processRequest()
#11 C:\wamp\www\microsoft\index.php(13): CWebApplication->run()
REQUEST_URI=/microsoft/
2012/10/11 09:39:05 [error] [php] Undefined offset: 7 (C:\wamp\www\microsoft\protected\views\site\index.php:191)
Stack trace:
#0 C:\wamp\www\framework\web\CController.php(870): SiteController->renderFile()
#1 C:\wamp\www\framework\web\CController.php(783): SiteController->renderPartial()
#2 C:\wamp\www\microsoft\protected\controllers\SiteController.php(32): SiteController->render()
#3 C:\wamp\www\framework\web\actions\CInlineAction.php(50): SiteController->actionIndex()
#4 C:\wamp\www\framework\web\CController.php(309): CInlineAction->runWithParams()
#5 C:\wamp\www\framework\web\CController.php(287): SiteController->runAction()
#6 C:\wamp\www\framework\web\CController.php(266): SiteController->runActionWithFilters()
#7 C:\wamp\www\framework\web\CWebApplication.php(283): SiteController->run()
#8 C:\wamp\www\framework\web\CWebApplication.php(142): CWebApplication->runController()
#9 C:\wamp\www\framework\base\CApplication.php(162): CWebApplication->processRequest()
#10 C:\wamp\www\microsoft\index.php(13): CWebApplication->run()
REQUEST_URI=/microsoft/
2012/10/11 09:42:16 [error] [php] Undefined offset: 7 (C:\wamp\www\microsoft\protected\views\site\index.php:191)
Stack trace:
#0 C:\wamp\www\framework\web\CController.php(870): SiteController->renderFile()
#1 C:\wamp\www\framework\web\CController.php(783): SiteController->renderPartial()
#2 C:\wamp\www\microsoft\protected\controllers\SiteController.php(32): SiteController->render()
#3 C:\wamp\www\framework\web\actions\CInlineAction.php(50): SiteController->actionIndex()
#4 C:\wamp\www\framework\web\CController.php(309): CInlineAction->runWithParams()
#5 C:\wamp\www\framework\web\CController.php(287): SiteController->runAction()
#6 C:\wamp\www\framework\web\CController.php(266): SiteController->runActionWithFilters()
#7 C:\wamp\www\framework\web\CWebApplication.php(283): SiteController->run()
#8 C:\wamp\www\framework\web\CWebApplication.php(142): CWebApplication->runController()
#9 C:\wamp\www\framework\base\CApplication.php(162): CWebApplication->processRequest()
#10 C:\wamp\www\microsoft\index.php(13): CWebApplication->run()
REQUEST_URI=/microsoft/
2012/10/11 10:14:29 [error] [php] Undefined variable: i (C:\wamp\www\microsoft\protected\views\site\index.php:75)
Stack trace:
#0 C:\wamp\www\framework\web\CController.php(870): SiteController->renderFile()
#1 C:\wamp\www\framework\web\CController.php(783): SiteController->renderPartial()
#2 C:\wamp\www\microsoft\protected\controllers\SiteController.php(32): SiteController->render()
#3 C:\wamp\www\framework\web\actions\CInlineAction.php(50): SiteController->actionIndex()
#4 C:\wamp\www\framework\web\CController.php(309): CInlineAction->runWithParams()
#5 C:\wamp\www\framework\web\CController.php(287): SiteController->runAction()
#6 C:\wamp\www\framework\web\CController.php(266): SiteController->runActionWithFilters()
#7 C:\wamp\www\framework\web\CWebApplication.php(283): SiteController->run()
#8 C:\wamp\www\framework\web\CWebApplication.php(142): CWebApplication->runController()
#9 C:\wamp\www\framework\base\CApplication.php(162): CWebApplication->processRequest()
#10 C:\wamp\www\microsoft\index.php(13): CWebApplication->run()
REQUEST_URI=/microsoft/
2012/10/11 10:15:06 [error] [php] Undefined variable: i (C:\wamp\www\microsoft\protected\views\site\index.php:75)
Stack trace:
#0 C:\wamp\www\framework\web\CController.php(870): SiteController->renderFile()
#1 C:\wamp\www\framework\web\CController.php(783): SiteController->renderPartial()
#2 C:\wamp\www\microsoft\protected\controllers\SiteController.php(32): SiteController->render()
#3 C:\wamp\www\framework\web\actions\CInlineAction.php(50): SiteController->actionIndex()
#4 C:\wamp\www\framework\web\CController.php(309): CInlineAction->runWithParams()
#5 C:\wamp\www\framework\web\CController.php(287): SiteController->runAction()
#6 C:\wamp\www\framework\web\CController.php(266): SiteController->runActionWithFilters()
#7 C:\wamp\www\framework\web\CWebApplication.php(283): SiteController->run()
#8 C:\wamp\www\framework\web\CWebApplication.php(142): CWebApplication->runController()
#9 C:\wamp\www\framework\base\CApplication.php(162): CWebApplication->processRequest()
#10 C:\wamp\www\microsoft\index.php(13): CWebApplication->run()
REQUEST_URI=/microsoft/
in C:\wamp\www\microsoft\protected\views\site\index.php (75)
in C:\wamp\www\microsoft\protected\controllers\SiteController.php (32)
in C:\wamp\www\microsoft\index.php (13)
2012/10/11 10:19:43 [error] [php] Undefined variable: i (C:\wamp\www\microsoft\protected\views\site\index.php:74)
Stack trace:
#0 C:\wamp\www\framework\web\CController.php(870): SiteController->renderFile()
#1 C:\wamp\www\framework\web\CController.php(783): SiteController->renderPartial()
#2 C:\wamp\www\microsoft\protected\controllers\SiteController.php(32): SiteController->render()
#3 C:\wamp\www\framework\web\actions\CInlineAction.php(50): SiteController->actionIndex()
#4 C:\wamp\www\framework\web\CController.php(309): CInlineAction->runWithParams()
#5 C:\wamp\www\framework\web\CController.php(287): SiteController->runAction()
#6 C:\wamp\www\framework\web\CController.php(266): SiteController->runActionWithFilters()
#7 C:\wamp\www\framework\web\CWebApplication.php(283): SiteController->run()
#8 C:\wamp\www\framework\web\CWebApplication.php(142): CWebApplication->runController()
#9 C:\wamp\www\framework\base\CApplication.php(162): CWebApplication->processRequest()
#10 C:\wamp\www\microsoft\index.php(13): CWebApplication->run()
REQUEST_URI=/microsoft/
in C:\wamp\www\microsoft\protected\views\site\index.php (74)
in C:\wamp\www\microsoft\protected\controllers\SiteController.php (32)
in C:\wamp\www\microsoft\index.php (13)
2012/10/11 10:20:04 [error] [php] Undefined variable: part (C:\wamp\www\microsoft\protected\views\site\index.php:79)
Stack trace:
#0 C:\wamp\www\framework\web\CController.php(870): SiteController->renderFile()
#1 C:\wamp\www\framework\web\CController.php(783): SiteController->renderPartial()
#2 C:\wamp\www\microsoft\protected\controllers\SiteController.php(32): SiteController->render()
#3 C:\wamp\www\framework\web\actions\CInlineAction.php(50): SiteController->actionIndex()
#4 C:\wamp\www\framework\web\CController.php(309): CInlineAction->runWithParams()
#5 C:\wamp\www\framework\web\CController.php(287): SiteController->runAction()
#6 C:\wamp\www\framework\web\CController.php(266): SiteController->runActionWithFilters()
#7 C:\wamp\www\framework\web\CWebApplication.php(283): SiteController->run()
#8 C:\wamp\www\framework\web\CWebApplication.php(142): CWebApplication->runController()
#9 C:\wamp\www\framework\base\CApplication.php(162): CWebApplication->processRequest()
#10 C:\wamp\www\microsoft\index.php(13): CWebApplication->run()
REQUEST_URI=/microsoft/
in C:\wamp\www\microsoft\protected\views\site\index.php (79)
in C:\wamp\www\microsoft\protected\controllers\SiteController.php (32)
in C:\wamp\www\microsoft\index.php (13)
2012/10/11 10:20:28 [error] [php] Undefined variable: part (C:\wamp\www\microsoft\protected\views\site\index.php:83)
Stack trace:
#0 C:\wamp\www\framework\web\CController.php(870): SiteController->renderFile()
#1 C:\wamp\www\framework\web\CController.php(783): SiteController->renderPartial()
#2 C:\wamp\www\microsoft\protected\controllers\SiteController.php(32): SiteController->render()
#3 C:\wamp\www\framework\web\actions\CInlineAction.php(50): SiteController->actionIndex()
#4 C:\wamp\www\framework\web\CController.php(309): CInlineAction->runWithParams()
#5 C:\wamp\www\framework\web\CController.php(287): SiteController->runAction()
#6 C:\wamp\www\framework\web\CController.php(266): SiteController->runActionWithFilters()
#7 C:\wamp\www\framework\web\CWebApplication.php(283): SiteController->run()
#8 C:\wamp\www\framework\web\CWebApplication.php(142): CWebApplication->runController()
#9 C:\wamp\www\framework\base\CApplication.php(162): CWebApplication->processRequest()
#10 C:\wamp\www\microsoft\index.php(13): CWebApplication->run()
REQUEST_URI=/microsoft/
in C:\wamp\www\microsoft\protected\views\site\index.php (83)
in C:\wamp\www\microsoft\protected\controllers\SiteController.php (32)
in C:\wamp\www\microsoft\index.php (13)
2012/10/11 11:19:17 [error] [php] Undefined variable: videos (C:\wamp\www\microsoft\protected\views\site\index.php:12)
Stack trace:
#0 C:\wamp\www\framework\web\CController.php(870): SiteController->renderFile()
#1 C:\wamp\www\framework\web\CController.php(783): SiteController->renderPartial()
#2 C:\wamp\www\microsoft\protected\controllers\SiteController.php(32): SiteController->render()
#3 C:\wamp\www\framework\web\actions\CInlineAction.php(50): SiteController->actionIndex()
#4 C:\wamp\www\framework\web\CController.php(309): CInlineAction->runWithParams()
#5 C:\wamp\www\framework\web\CController.php(287): SiteController->runAction()
#6 C:\wamp\www\framework\web\CController.php(266): SiteController->runActionWithFilters()
#7 C:\wamp\www\framework\web\CWebApplication.php(283): SiteController->run()
#8 C:\wamp\www\framework\web\CWebApplication.php(142): CWebApplication->runController()
#9 C:\wamp\www\framework\base\CApplication.php(162): CWebApplication->processRequest()
#10 C:\wamp\www\microsoft\index.php(13): CWebApplication->run()
REQUEST_URI=/microsoft/
in C:\wamp\www\microsoft\protected\views\site\index.php (12)
in C:\wamp\www\microsoft\protected\controllers\SiteController.php (32)
in C:\wamp\www\microsoft\index.php (13)
2012/10/11 11:20:23 [error] [php] Undefined variable: videos (C:\wamp\www\microsoft\protected\views\site\index.php:12)
Stack trace:
#0 C:\wamp\www\framework\web\CController.php(870): SiteController->renderFile()
#1 C:\wamp\www\framework\web\CController.php(783): SiteController->renderPartial()
#2 C:\wamp\www\microsoft\protected\controllers\SiteController.php(32): SiteController->render()
#3 C:\wamp\www\framework\web\actions\CInlineAction.php(50): SiteController->actionIndex()
#4 C:\wamp\www\framework\web\CController.php(309): CInlineAction->runWithParams()
#5 C:\wamp\www\framework\web\CController.php(287): SiteController->runAction()
#6 C:\wamp\www\framework\web\CController.php(266): SiteController->runActionWithFilters()
#7 C:\wamp\www\framework\web\CWebApplication.php(283): SiteController->run()
#8 C:\wamp\www\framework\web\CWebApplication.php(142): CWebApplication->runController()
#9 C:\wamp\www\framework\base\CApplication.php(162): CWebApplication->processRequest()
#10 C:\wamp\www\microsoft\index.php(13): CWebApplication->run()
REQUEST_URI=/microsoft/
in C:\wamp\www\microsoft\protected\views\site\index.php (12)
in C:\wamp\www\microsoft\protected\controllers\SiteController.php (32)
in C:\wamp\www\microsoft\index.php (13)
2012/10/11 11:20:37 [error] [php] Undefined variable: videos (C:\wamp\www\microsoft\protected\views\site\index.php:12)
Stack trace:
#0 C:\wamp\www\framework\web\CController.php(870): SiteController->renderFile()
#1 C:\wamp\www\framework\web\CController.php(783): SiteController->renderPartial()
#2 C:\wamp\www\microsoft\protected\controllers\SiteController.php(32): SiteController->render()
#3 C:\wamp\www\framework\web\actions\CInlineAction.php(50): SiteController->actionIndex()
#4 C:\wamp\www\framework\web\CController.php(309): CInlineAction->runWithParams()
#5 C:\wamp\www\framework\web\CController.php(287): SiteController->runAction()
#6 C:\wamp\www\framework\web\CController.php(266): SiteController->runActionWithFilters()
#7 C:\wamp\www\framework\web\CWebApplication.php(283): SiteController->run()
#8 C:\wamp\www\framework\web\CWebApplication.php(142): CWebApplication->runController()
#9 C:\wamp\www\framework\base\CApplication.php(162): CWebApplication->processRequest()
#10 C:\wamp\www\microsoft\index.php(13): CWebApplication->run()
REQUEST_URI=/microsoft/
in C:\wamp\www\microsoft\protected\views\site\index.php (12)
in C:\wamp\www\microsoft\protected\controllers\SiteController.php (32)
in C:\wamp\www\microsoft\index.php (13)
2012/10/11 12:04:49 [error] [php] Undefined variable: show_vid (C:\wamp\www\microsoft\protected\views\site\index.php:52)
Stack trace:
#0 C:\wamp\www\framework\web\CController.php(870): SiteController->renderFile()
#1 C:\wamp\www\framework\web\CController.php(783): SiteController->renderPartial()
#2 C:\wamp\www\microsoft\protected\controllers\SiteController.php(32): SiteController->render()
#3 C:\wamp\www\framework\web\actions\CInlineAction.php(50): SiteController->actionIndex()
#4 C:\wamp\www\framework\web\CController.php(309): CInlineAction->runWithParams()
#5 C:\wamp\www\framework\web\CController.php(287): SiteController->runAction()
#6 C:\wamp\www\framework\web\CController.php(266): SiteController->runActionWithFilters()
#7 C:\wamp\www\framework\web\CWebApplication.php(283): SiteController->run()
#8 C:\wamp\www\framework\web\CWebApplication.php(142): CWebApplication->runController()
#9 C:\wamp\www\framework\base\CApplication.php(162): CWebApplication->processRequest()
#10 C:\wamp\www\microsoft\index.php(13): CWebApplication->run()
REQUEST_URI=/microsoft/
in C:\wamp\www\microsoft\protected\views\site\index.php (52)
in C:\wamp\www\microsoft\protected\controllers\SiteController.php (32)
in C:\wamp\www\microsoft\index.php (13)
2012/10/11 12:06:07 [error] [php] Undefined variable: show_vid (C:\wamp\www\microsoft\protected\views\site\index.php:52)
Stack trace:
#0 C:\wamp\www\framework\web\CController.php(870): SiteController->renderFile()
#1 C:\wamp\www\framework\web\CController.php(783): SiteController->renderPartial()
#2 C:\wamp\www\microsoft\protected\controllers\SiteController.php(32): SiteController->render()
#3 C:\wamp\www\framework\web\actions\CInlineAction.php(50): SiteController->actionIndex()
#4 C:\wamp\www\framework\web\CController.php(309): CInlineAction->runWithParams()
#5 C:\wamp\www\framework\web\CController.php(287): SiteController->runAction()
#6 C:\wamp\www\framework\web\CController.php(266): SiteController->runActionWithFilters()
#7 C:\wamp\www\framework\web\CWebApplication.php(283): SiteController->run()
#8 C:\wamp\www\framework\web\CWebApplication.php(142): CWebApplication->runController()
#9 C:\wamp\www\framework\base\CApplication.php(162): CWebApplication->processRequest()
#10 C:\wamp\www\microsoft\index.php(13): CWebApplication->run()
REQUEST_URI=/microsoft/
in C:\wamp\www\microsoft\protected\views\site\index.php (52)
in C:\wamp\www\microsoft\protected\controllers\SiteController.php (32)
in C:\wamp\www\microsoft\index.php (13)
2012/10/11 12:06:20 [error] [php] Undefined variable: show_vid (C:\wamp\www\microsoft\protected\views\site\index.php:52)
Stack trace:
#0 C:\wamp\www\framework\web\CController.php(870): SiteController->renderFile()
#1 C:\wamp\www\framework\web\CController.php(783): SiteController->renderPartial()
#2 C:\wamp\www\microsoft\protected\controllers\SiteController.php(32): SiteController->render()
#3 C:\wamp\www\framework\web\actions\CInlineAction.php(50): SiteController->actionIndex()
#4 C:\wamp\www\framework\web\CController.php(309): CInlineAction->runWithParams()
#5 C:\wamp\www\framework\web\CController.php(287): SiteController->runAction()
#6 C:\wamp\www\framework\web\CController.php(266): SiteController->runActionWithFilters()
#7 C:\wamp\www\framework\web\CWebApplication.php(283): SiteController->run()
#8 C:\wamp\www\framework\web\CWebApplication.php(142): CWebApplication->runController()
#9 C:\wamp\www\framework\base\CApplication.php(162): CWebApplication->processRequest()
#10 C:\wamp\www\microsoft\index.php(13): CWebApplication->run()
REQUEST_URI=/microsoft/
in C:\wamp\www\microsoft\protected\views\site\index.php (52)
in C:\wamp\www\microsoft\protected\controllers\SiteController.php (32)
in C:\wamp\www\microsoft\index.php (13)
2012/10/11 12:08:41 [error] [php] Undefined variable: show_vid (C:\wamp\www\microsoft\protected\views\site\index.php:13)
Stack trace:
#0 C:\wamp\www\framework\web\CController.php(870): SiteController->renderFile()
#1 C:\wamp\www\framework\web\CController.php(783): SiteController->renderPartial()
#2 C:\wamp\www\microsoft\protected\controllers\SiteController.php(32): SiteController->render()
#3 C:\wamp\www\framework\web\actions\CInlineAction.php(50): SiteController->actionIndex()
#4 C:\wamp\www\framework\web\CController.php(309): CInlineAction->runWithParams()
#5 C:\wamp\www\framework\web\CController.php(287): SiteController->runAction()
#6 C:\wamp\www\framework\web\CController.php(266): SiteController->runActionWithFilters()
#7 C:\wamp\www\framework\web\CWebApplication.php(283): SiteController->run()
#8 C:\wamp\www\framework\web\CWebApplication.php(142): CWebApplication->runController()
#9 C:\wamp\www\framework\base\CApplication.php(162): CWebApplication->processRequest()
#10 C:\wamp\www\microsoft\index.php(13): CWebApplication->run()
REQUEST_URI=/microsoft/
in C:\wamp\www\microsoft\protected\views\site\index.php (13)
in C:\wamp\www\microsoft\protected\controllers\SiteController.php (32)
in C:\wamp\www\microsoft\index.php (13)
2012/10/11 12:11:01 [error] [php] Undefined variable: show_vid (C:\wamp\www\microsoft\protected\views\site\index.php:13)
Stack trace:
#0 C:\wamp\www\framework\web\CController.php(870): SiteController->renderFile()
#1 C:\wamp\www\framework\web\CController.php(783): SiteController->renderPartial()
#2 C:\wamp\www\microsoft\protected\controllers\SiteController.php(32): SiteController->render()
#3 C:\wamp\www\framework\web\actions\CInlineAction.php(50): SiteController->actionIndex()
#4 C:\wamp\www\framework\web\CController.php(309): CInlineAction->runWithParams()
#5 C:\wamp\www\framework\web\CController.php(287): SiteController->runAction()
#6 C:\wamp\www\framework\web\CController.php(266): SiteController->runActionWithFilters()
#7 C:\wamp\www\framework\web\CWebApplication.php(283): SiteController->run()
#8 C:\wamp\www\framework\web\CWebApplication.php(142): CWebApplication->runController()
#9 C:\wamp\www\framework\base\CApplication.php(162): CWebApplication->processRequest()
#10 C:\wamp\www\microsoft\index.php(13): CWebApplication->run()
REQUEST_URI=/microsoft/
in C:\wamp\www\microsoft\protected\views\site\index.php (13)
in C:\wamp\www\microsoft\protected\controllers\SiteController.php (32)
in C:\wamp\www\microsoft\index.php (13)
2012/10/11 12:13:43 [error] [php] Undefined variable: show_vid (C:\wamp\www\microsoft\protected\views\site\index.php:38)
Stack trace:
#0 C:\wamp\www\framework\web\CController.php(870): SiteController->renderFile()
#1 C:\wamp\www\framework\web\CController.php(783): SiteController->renderPartial()
#2 C:\wamp\www\microsoft\protected\controllers\SiteController.php(32): SiteController->render()
#3 C:\wamp\www\framework\web\actions\CInlineAction.php(50): SiteController->actionIndex()
#4 C:\wamp\www\framework\web\CController.php(309): CInlineAction->runWithParams()
#5 C:\wamp\www\framework\web\CController.php(287): SiteController->runAction()
#6 C:\wamp\www\framework\web\CController.php(266): SiteController->runActionWithFilters()
#7 C:\wamp\www\framework\web\CWebApplication.php(283): SiteController->run()
#8 C:\wamp\www\framework\web\CWebApplication.php(142): CWebApplication->runController()
#9 C:\wamp\www\framework\base\CApplication.php(162): CWebApplication->processRequest()
#10 C:\wamp\www\microsoft\index.php(13): CWebApplication->run()
REQUEST_URI=/microsoft/
in C:\wamp\www\microsoft\protected\views\site\index.php (38)
in C:\wamp\www\microsoft\protected\controllers\SiteController.php (32)
in C:\wamp\www\microsoft\index.php (13)
